
p1.elf:     file format elf32-littleriscv
p1.elf
architecture: riscv:rv32, flags 0x00000112:
EXEC_P, HAS_SYMS, D_PAGED
start address 0x00000000

Program Header:
    LOAD off    0x00001000 vaddr 0x00000000 paddr 0x00000000 align 2**12
         filesz 0x00000028 memsz 0x00000028 flags r-x
    LOAD off    0x00002000 vaddr 0x00010000 paddr 0x00010000 align 2**12
         filesz 0x00000004 memsz 0x00000004 flags rw-

Sections:
Idx Name              Size      VMA       LMA       File off  Algn  Flags
  0 .text             00000028  00000000  00000000  00001000  2**2  CONTENTS, ALLOC, LOAD, READONLY, CODE
  1 .data             00000004  00010000  00010000  00002000  2**0  CONTENTS, ALLOC, LOAD, DATA
  2 .riscv.attributes 0000001f  00000000  00000000  00002004  2**0  CONTENTS, READONLY
  3 .debug_line       0000006a  00000000  00000000  00002023  2**0  CONTENTS, READONLY, DEBUGGING, OCTETS
  4 .debug_info       00000026  00000000  00000000  0000208d  2**0  CONTENTS, READONLY, DEBUGGING, OCTETS
  5 .debug_abbrev     00000014  00000000  00000000  000020b3  2**0  CONTENTS, READONLY, DEBUGGING, OCTETS
  6 .debug_aranges    00000020  00000000  00000000  000020c8  2**3  CONTENTS, READONLY, DEBUGGING, OCTETS
  7 .debug_str        0000003d  00000000  00000000  000020e8  2**0  CONTENTS, READONLY, DEBUGGING, OCTETS
SYMBOL TABLE:
00000000 l    d  .text	00000000 .text
00010000 l    d  .data	00000000 .data
00000000 l    d  .riscv.attributes	00000000 .riscv.attributes
00000000 l    d  .debug_line	00000000 .debug_line
00000000 l    d  .debug_info	00000000 .debug_info
00000000 l    d  .debug_abbrev	00000000 .debug_abbrev
00000000 l    d  .debug_aranges	00000000 .debug_aranges
00000000 l    d  .debug_str	00000000 .debug_str
00000000 l    df *ABS*	00000000 ./p1.o
00010000 l       .data	00000000 res
0000000a l       *ABS*	00000000 n
00000010 l       .text	00000000 for
00000020 l       .text	00000000 endfor
00000024 l       .text	00000000 fin
00000000 g       .text	00000000 main



Disassembly of section .text:

00000000 <main>:
main():
C:\Users\felix\FC2problemasWS\p1\Debug/../p1.asm:21
	res: .word 0
.equ n,10

.text
main:
	lw t0, res 		// Cargo el valor de res
   0:	00010297          	auipc	t0,0x10
   4:	0002a283          	lw	t0,0(t0) # 10000 <res>
C:\Users\felix\FC2problemasWS\p1\Debug/../p1.asm:22
	li t1, n		// Cargo el valor de n
   8:	00a00313          	li	t1,10
C:\Users\felix\FC2problemasWS\p1\Debug/../p1.asm:23
	li t2, 0 		// i = 0
   c:	00000393          	li	t2,0

00000010 <for>:
for():
C:\Users\felix\FC2problemasWS\p1\Debug/../p1.asm:25
for:
	bge t2, t1, endfor // i < n
  10:	0063d863          	bge	t2,t1,20 <endfor>
C:\Users\felix\FC2problemasWS\p1\Debug/../p1.asm:26
	add s1, s1, t2	// res += i
  14:	007484b3          	add	s1,s1,t2
C:\Users\felix\FC2problemasWS\p1\Debug/../p1.asm:27
	addi t2, t2, 1	// i++
  18:	00138393          	addi	t2,t2,1
C:\Users\felix\FC2problemasWS\p1\Debug/../p1.asm:28
	j for
  1c:	ff5ff06f          	j	10 <for>

00000020 <endfor>:
endfor():
C:\Users\felix\FC2problemasWS\p1\Debug/../p1.asm:30
endfor:
	sw t0, 0(s1)		// Guardo el valor de res en su direccion de memoria inicial
  20:	0054a023          	sw	t0,0(s1)

00000024 <fin>:
fin():
C:\Users\felix\FC2problemasWS\p1\Debug/../p1.asm:32
fin:
	j .				// Final del programa
  24:	0000006f          	j	24 <fin>
